<?xml version="1.0" encoding="UTF-8"?>
<!-- Generated by org.testng.reporters.JUnitReportReporter -->
<testsuite hostname="Lenovo-PC" failures="0" tests="1" name="Academy.validateRemove" time="36.381" errors="0" timestamp="11 Jun 2022 06:31:52 GMT">
  <testcase classname="Academy.validateRemove" name="validateRemove" time="36.381"/>
</testsuite> <!-- Academy.validateRemove -->
