<?xml version="1.0" encoding="UTF-8"?>
<!-- Generated by org.testng.reporters.JUnitReportReporter -->
<testsuite hostname="Lenovo-PC" failures="0" tests="1" name="Academy.validateAddItem" time="16.479" errors="0" timestamp="11 Jun 2022 06:31:52 GMT">
  <testcase classname="Academy.validateAddItem" name="validateAddItem" time="16.479"/>
</testsuite> <!-- Academy.validateAddItem -->
