<?xml version="1.0" encoding="UTF-8"?>
<!-- Generated by org.testng.reporters.JUnitReportReporter -->
<testsuite hostname="Lenovo-PC" failures="0" tests="1" name="Academy.validateAddItem" time="17.009" errors="0" timestamp="11 Jun 2022 04:56:21 GMT">
  <testcase classname="Academy.validateAddItem" name="validateAddItem" time="17.009"/>
</testsuite> <!-- Academy.validateAddItem -->
