<?xml version="1.0" encoding="UTF-8"?>
<!-- Generated by org.testng.reporters.JUnitReportReporter -->
<testsuite hostname="Lenovo-PC" failures="0" tests="1" name="Academy.validateCheckout" time="27.200" errors="0" timestamp="11 Jun 2022 04:56:21 GMT">
  <testcase classname="Academy.validateCheckout" name="validateAppTitle" time="27.200"/>
</testsuite> <!-- Academy.validateCheckout -->
